<?xml version="1.0" encoding="UTF-8"?>
<testsuites name="jest tests" tests="1" failures="0" errors="0" time="2.765">
  <testsuite name="jupyterlab-launchpad" errors="0" failures="0" skipped="0" timestamp="2024-06-26T15:04:01" time="2.446" tests="1">
    <testcase classname="jupyterlab-launchpad should be tested" name="jupyterlab-launchpad should be tested" time="0.002">
    </testcase>
  </testsuite>
</testsuites>